2013-11-02 10:40:12,642 [py.warnings:3] [WARNING]- /usr/local/lib/python2.7/site-packages/django/conf/urls/defaults.py:3: DeprecationWarning: django.conf.urls.defaults is deprecated; use django.conf.urls instead
  DeprecationWarning)

2013-11-02 10:40:16,909 [py.warnings:228] [WARNING]- /usr/local/lib/python2.7/site-packages/django_tables2/tables.py:228: DeprecationWarning: `Table.Meta.sortable` is deprecated, use `orderable` instead
  DeprecationWarning)

2013-11-02 10:40:33,217 [framework.ajax:14] [DEBUG]- login: username: root;password: root
2013-11-02 10:40:33,217 [framework.ajax:21] [DEBUG]- username: root; password: root
2013-11-02 10:40:33,331 [framework.ajax:31] [DEBUG]- user is authenticated
2013-11-02 10:40:33,424 [framework.views:22] [DEBUG]- dashboard
2013-11-02 10:40:42,304 [framework.views:22] [DEBUG]- dashboard
2013-11-02 10:40:43,104 [framework.views:22] [DEBUG]- dashboard
2013-11-02 10:40:51,155 [framework.templatetags.table_filters:18] [DEBUG]- current: 1, total: 2
2013-11-02 10:40:51,155 [framework.templatetags.table_filters:21] [DEBUG]- offset: 1, length: 2
2013-11-02 10:40:51,180 [framework.templatetags.table_filters:18] [DEBUG]- current: 1, total: 2
2013-11-02 10:40:51,180 [framework.templatetags.table_filters:21] [DEBUG]- offset: 1, length: 2
2013-11-02 10:41:04,522 [framework.views:22] [DEBUG]- dashboard
2013-11-02 11:44:01,179 [framework.views:22] [DEBUG]- dashboard
2013-11-02 11:44:05,639 [framework.views:22] [DEBUG]- dashboard
2013-11-02 11:44:06,365 [framework.views:22] [DEBUG]- dashboard
2013-11-02 11:44:07,309 [framework.views:22] [DEBUG]- dashboard
2013-11-02 11:44:08,700 [framework.views:22] [DEBUG]- dashboard
2013-11-02 11:44:09,699 [framework.views:22] [DEBUG]- dashboard
2013-11-02 11:44:13,183 [framework.views:22] [DEBUG]- dashboard
2013-11-02 11:44:19,610 [framework.templatetags.table_filters:18] [DEBUG]- current: 1, total: 2
2013-11-02 11:44:19,610 [framework.templatetags.table_filters:21] [DEBUG]- offset: 1, length: 2
2013-11-02 11:44:19,635 [framework.templatetags.table_filters:18] [DEBUG]- current: 1, total: 2
2013-11-02 11:44:19,635 [framework.templatetags.table_filters:21] [DEBUG]- offset: 1, length: 2
2013-11-02 11:44:22,451 [framework.templatetags.table_filters:18] [DEBUG]- current: 1, total: 2
2013-11-02 11:44:22,451 [framework.templatetags.table_filters:21] [DEBUG]- offset: 1, length: 2
2013-11-02 11:44:22,475 [framework.templatetags.table_filters:18] [DEBUG]- current: 1, total: 2
2013-11-02 11:44:22,475 [framework.templatetags.table_filters:21] [DEBUG]- offset: 1, length: 2
2013-11-02 11:44:25,460 [framework.templatetags.table_filters:18] [DEBUG]- current: 1, total: 2
2013-11-02 11:44:25,460 [framework.templatetags.table_filters:21] [DEBUG]- offset: 1, length: 2
2013-11-02 11:44:25,485 [framework.templatetags.table_filters:18] [DEBUG]- current: 1, total: 2
2013-11-02 11:44:25,485 [framework.templatetags.table_filters:21] [DEBUG]- offset: 1, length: 2
2013-11-02 12:35:26,138 [framework.templatetags.table_filters:18] [DEBUG]- current: 1, total: 2
2013-11-02 12:35:26,138 [framework.templatetags.table_filters:21] [DEBUG]- offset: 1, length: 2
2013-11-02 12:35:26,170 [framework.templatetags.table_filters:18] [DEBUG]- current: 1, total: 2
2013-11-02 12:35:26,171 [framework.templatetags.table_filters:21] [DEBUG]- offset: 1, length: 2
2013-11-02 14:32:07,677 [framework.views:22] [DEBUG]- dashboard
2013-11-02 14:32:21,777 [framework.ajax:14] [DEBUG]- login: username: root;password: rootsunning
2013-11-02 14:32:21,777 [framework.ajax:21] [DEBUG]- username: root; password: rootsunning
2013-11-02 14:32:21,883 [framework.ajax:24] [DEBUG]- user is not authenticated
2013-11-02 14:32:37,458 [framework.ajax:14] [DEBUG]- login: username: root;password: suningroot
2013-11-02 14:32:37,458 [framework.ajax:21] [DEBUG]- username: root; password: suningroot
2013-11-02 14:32:37,563 [framework.ajax:24] [DEBUG]- user is not authenticated
2013-11-02 14:32:46,498 [framework.ajax:14] [DEBUG]- login: username: root;password: rootsuning
2013-11-02 14:32:46,498 [framework.ajax:21] [DEBUG]- username: root; password: rootsuning
2013-11-02 14:32:46,603 [framework.ajax:24] [DEBUG]- user is not authenticated
2013-11-02 14:32:50,401 [framework.ajax:14] [DEBUG]- login: username: root;password: suning
2013-11-02 14:32:50,402 [framework.ajax:21] [DEBUG]- username: root; password: suning
2013-11-02 14:32:50,513 [framework.ajax:24] [DEBUG]- user is not authenticated
2013-11-02 14:32:53,854 [framework.ajax:14] [DEBUG]- login: username: root;password: root
2013-11-02 14:32:53,855 [framework.ajax:21] [DEBUG]- username: root; password: root
2013-11-02 14:32:53,960 [framework.ajax:31] [DEBUG]- user is authenticated
2013-11-02 14:32:54,015 [framework.views:22] [DEBUG]- dashboard
2013-11-02 16:05:54,632 [py.warnings:3] [WARNING]- /usr/local/lib/python2.7/site-packages/django/conf/urls/defaults.py:3: DeprecationWarning: django.conf.urls.defaults is deprecated; use django.conf.urls instead
  DeprecationWarning)

2013-11-02 16:05:54,640 [py.warnings:228] [WARNING]- /usr/local/lib/python2.7/site-packages/django_tables2/tables.py:228: DeprecationWarning: `Table.Meta.sortable` is deprecated, use `orderable` instead
  DeprecationWarning)

2013-11-02 16:05:54,660 [framework.views:22] [DEBUG]- dashboard
2013-11-02 16:13:41,253 [py.warnings:3] [WARNING]- /usr/local/lib/python2.7/site-packages/django/conf/urls/defaults.py:3: DeprecationWarning: django.conf.urls.defaults is deprecated; use django.conf.urls instead
  DeprecationWarning)

2013-11-02 16:13:41,270 [framework.views:22] [DEBUG]- dashboard
2013-11-02 16:13:41,370 [py.warnings:228] [WARNING]- /usr/local/lib/python2.7/site-packages/django_tables2/tables.py:228: DeprecationWarning: `Table.Meta.sortable` is deprecated, use `orderable` instead
  DeprecationWarning)

2013-11-02 16:13:42,191 [framework.templatetags.table_filters:18] [DEBUG]- current: 1, total: 2
2013-11-02 16:13:42,191 [framework.templatetags.table_filters:21] [DEBUG]- offset: 1, length: 2
2013-11-02 16:13:42,216 [framework.templatetags.table_filters:18] [DEBUG]- current: 1, total: 2
2013-11-02 16:13:42,216 [framework.templatetags.table_filters:21] [DEBUG]- offset: 1, length: 2
2013-11-02 16:13:42,983 [framework.templatetags.table_filters:18] [DEBUG]- current: 1, total: 2
2013-11-02 16:13:42,983 [framework.templatetags.table_filters:21] [DEBUG]- offset: 1, length: 2
2013-11-02 16:13:43,008 [framework.templatetags.table_filters:18] [DEBUG]- current: 1, total: 2
2013-11-02 16:13:43,008 [framework.templatetags.table_filters:21] [DEBUG]- offset: 1, length: 2
2013-11-02 16:13:44,045 [framework.templatetags.table_filters:18] [DEBUG]- current: 1, total: 1
2013-11-02 16:13:44,045 [framework.templatetags.table_filters:21] [DEBUG]- offset: 1, length: 1
2013-11-02 16:13:44,662 [framework.templatetags.table_filters:18] [DEBUG]- current: 1, total: 1
2013-11-02 16:13:44,662 [framework.templatetags.table_filters:21] [DEBUG]- offset: 1, length: 1
2013-11-03 18:20:08,140 [py.warnings:3] [WARNING]- /usr/local/lib/python2.7/site-packages/django/conf/urls/defaults.py:3: DeprecationWarning: django.conf.urls.defaults is deprecated; use django.conf.urls instead
  DeprecationWarning)

2013-11-03 18:20:08,147 [py.warnings:228] [WARNING]- /usr/local/lib/python2.7/site-packages/django_tables2/tables.py:228: DeprecationWarning: `Table.Meta.sortable` is deprecated, use `orderable` instead
  DeprecationWarning)

2013-11-03 18:20:08,166 [framework.views:22] [DEBUG]- dashboard
2013-11-03 18:20:11,245 [framework.templatetags.table_filters:18] [DEBUG]- current: 1, total: 2
2013-11-03 18:20:11,245 [framework.templatetags.table_filters:21] [DEBUG]- offset: 1, length: 2
2013-11-03 18:20:11,273 [framework.templatetags.table_filters:18] [DEBUG]- current: 1, total: 2
2013-11-03 18:20:11,273 [framework.templatetags.table_filters:21] [DEBUG]- offset: 1, length: 2
2013-11-03 18:20:12,802 [framework.templatetags.table_filters:18] [DEBUG]- current: 1, total: 2
2013-11-03 18:20:12,802 [framework.templatetags.table_filters:21] [DEBUG]- offset: 1, length: 2
2013-11-03 18:20:12,826 [framework.templatetags.table_filters:18] [DEBUG]- current: 1, total: 2
2013-11-03 18:20:12,826 [framework.templatetags.table_filters:21] [DEBUG]- offset: 1, length: 2
2013-11-03 18:20:31,839 [framework.templatetags.table_filters:18] [DEBUG]- current: 2, total: 2
2013-11-03 18:20:31,839 [framework.templatetags.table_filters:21] [DEBUG]- offset: 1, length: 2
2013-11-03 18:20:31,863 [framework.templatetags.table_filters:18] [DEBUG]- current: 1, total: 2
2013-11-03 18:20:31,863 [framework.templatetags.table_filters:21] [DEBUG]- offset: 1, length: 2
2013-11-03 18:20:36,220 [framework.templatetags.table_filters:18] [DEBUG]- current: 1, total: 2
2013-11-03 18:20:36,220 [framework.templatetags.table_filters:21] [DEBUG]- offset: 1, length: 2
2013-11-03 18:20:36,244 [framework.templatetags.table_filters:18] [DEBUG]- current: 1, total: 2
2013-11-03 18:20:36,244 [framework.templatetags.table_filters:21] [DEBUG]- offset: 1, length: 2
2013-11-03 18:43:14,170 [framework.views:22] [DEBUG]- dashboard
2013-11-03 18:43:17,146 [framework.templatetags.table_filters:18] [DEBUG]- current: 1, total: 2
2013-11-03 18:43:17,147 [framework.templatetags.table_filters:21] [DEBUG]- offset: 1, length: 2
2013-11-03 18:43:17,171 [framework.templatetags.table_filters:18] [DEBUG]- current: 1, total: 2
2013-11-03 18:43:17,171 [framework.templatetags.table_filters:21] [DEBUG]- offset: 1, length: 2
2013-11-03 18:43:18,919 [framework.templatetags.table_filters:18] [DEBUG]- current: 1, total: 2
2013-11-03 18:43:18,919 [framework.templatetags.table_filters:21] [DEBUG]- offset: 1, length: 2
2013-11-03 18:43:18,943 [framework.templatetags.table_filters:18] [DEBUG]- current: 1, total: 2
2013-11-03 18:43:18,943 [framework.templatetags.table_filters:21] [DEBUG]- offset: 1, length: 2
2013-11-03 18:43:19,806 [framework.templatetags.table_filters:18] [DEBUG]- current: 1, total: 1
2013-11-03 18:43:19,806 [framework.templatetags.table_filters:21] [DEBUG]- offset: 1, length: 1
2013-11-03 18:43:20,312 [framework.templatetags.table_filters:18] [DEBUG]- current: 1, total: 1
2013-11-03 18:43:20,313 [framework.templatetags.table_filters:21] [DEBUG]- offset: 1, length: 1
2013-11-03 18:43:22,075 [framework.templatetags.table_filters:18] [DEBUG]- current: 1, total: 1
2013-11-03 18:43:22,075 [framework.templatetags.table_filters:21] [DEBUG]- offset: 1, length: 1
2013-11-03 18:43:22,769 [framework.templatetags.table_filters:18] [DEBUG]- current: 1, total: 1
2013-11-03 18:43:22,769 [framework.templatetags.table_filters:21] [DEBUG]- offset: 1, length: 1
2013-11-03 18:43:23,336 [framework.templatetags.table_filters:18] [DEBUG]- current: 1, total: 1
2013-11-03 18:43:23,336 [framework.templatetags.table_filters:21] [DEBUG]- offset: 1, length: 1
2013-11-03 18:43:23,980 [framework.templatetags.table_filters:18] [DEBUG]- current: 1, total: 2
2013-11-03 18:43:23,980 [framework.templatetags.table_filters:21] [DEBUG]- offset: 1, length: 2
2013-11-03 18:43:24,010 [framework.templatetags.table_filters:18] [DEBUG]- current: 1, total: 2
2013-11-03 18:43:24,010 [framework.templatetags.table_filters:21] [DEBUG]- offset: 1, length: 2
2013-11-03 18:43:26,321 [framework.templatetags.table_filters:18] [DEBUG]- current: 1, total: 2
2013-11-03 18:43:26,321 [framework.templatetags.table_filters:21] [DEBUG]- offset: 1, length: 2
2013-11-03 18:43:26,346 [framework.templatetags.table_filters:18] [DEBUG]- current: 1, total: 2
2013-11-03 18:43:26,347 [framework.templatetags.table_filters:21] [DEBUG]- offset: 1, length: 2
2013-11-03 18:43:27,547 [framework.templatetags.table_filters:18] [DEBUG]- current: 1, total: 2
2013-11-03 18:43:27,547 [framework.templatetags.table_filters:21] [DEBUG]- offset: 1, length: 2
2013-11-03 18:43:27,572 [framework.templatetags.table_filters:18] [DEBUG]- current: 1, total: 2
2013-11-03 18:43:27,572 [framework.templatetags.table_filters:21] [DEBUG]- offset: 1, length: 2
2013-11-03 18:43:31,349 [framework.templatetags.table_filters:18] [DEBUG]- current: 1, total: 2
2013-11-03 18:43:31,349 [framework.templatetags.table_filters:21] [DEBUG]- offset: 1, length: 2
2013-11-03 18:43:31,362 [framework.templatetags.table_filters:18] [DEBUG]- current: 2, total: 2
2013-11-03 18:43:31,362 [framework.templatetags.table_filters:21] [DEBUG]- offset: 1, length: 2
2013-11-03 18:43:35,275 [framework.templatetags.table_filters:18] [DEBUG]- current: 2, total: 2
2013-11-03 18:43:35,275 [framework.templatetags.table_filters:21] [DEBUG]- offset: 1, length: 2
2013-11-03 18:43:35,288 [framework.templatetags.table_filters:18] [DEBUG]- current: 2, total: 2
2013-11-03 18:43:35,289 [framework.templatetags.table_filters:21] [DEBUG]- offset: 1, length: 2
2013-11-03 18:43:36,880 [framework.templatetags.table_filters:18] [DEBUG]- current: 2, total: 2
2013-11-03 18:43:36,880 [framework.templatetags.table_filters:21] [DEBUG]- offset: 1, length: 2
2013-11-03 18:43:36,893 [framework.templatetags.table_filters:18] [DEBUG]- current: 2, total: 2
2013-11-03 18:43:36,893 [framework.templatetags.table_filters:21] [DEBUG]- offset: 1, length: 2
2013-11-03 18:43:38,057 [framework.templatetags.table_filters:18] [DEBUG]- current: 1, total: 1
2013-11-03 18:43:38,057 [framework.templatetags.table_filters:21] [DEBUG]- offset: 1, length: 1
2013-11-03 18:43:46,519 [framework.templatetags.table_filters:18] [DEBUG]- current: 1, total: 1
2013-11-03 18:43:46,519 [framework.templatetags.table_filters:21] [DEBUG]- offset: 1, length: 1
2013-11-03 18:43:48,883 [framework.templatetags.table_filters:18] [DEBUG]- current: 1, total: 1
2013-11-03 18:43:48,883 [framework.templatetags.table_filters:21] [DEBUG]- offset: 1, length: 1
2013-11-03 18:43:50,789 [framework.templatetags.table_filters:18] [DEBUG]- current: 1, total: 1
2013-11-03 18:43:50,789 [framework.templatetags.table_filters:21] [DEBUG]- offset: 1, length: 1
2013-11-03 18:43:51,585 [framework.templatetags.table_filters:18] [DEBUG]- current: 1, total: 1
2013-11-03 18:43:51,586 [framework.templatetags.table_filters:21] [DEBUG]- offset: 1, length: 1
2013-11-03 18:44:07,548 [framework.views:22] [DEBUG]- dashboard
2013-11-03 18:44:09,156 [framework.views:22] [DEBUG]- dashboard
2013-11-03 18:44:12,731 [framework.views:22] [DEBUG]- dashboard
2013-11-03 18:44:13,166 [framework.views:22] [DEBUG]- dashboard
2013-11-03 18:44:13,526 [framework.views:22] [DEBUG]- dashboard
2013-11-03 18:44:14,543 [framework.templatetags.table_filters:18] [DEBUG]- current: 1, total: 2
2013-11-03 18:44:14,543 [framework.templatetags.table_filters:21] [DEBUG]- offset: 1, length: 2
2013-11-03 18:44:14,567 [framework.templatetags.table_filters:18] [DEBUG]- current: 1, total: 2
2013-11-03 18:44:14,568 [framework.templatetags.table_filters:21] [DEBUG]- offset: 1, length: 2
2013-11-03 18:44:16,135 [framework.templatetags.table_filters:18] [DEBUG]- current: 1, total: 2
2013-11-03 18:44:16,135 [framework.templatetags.table_filters:21] [DEBUG]- offset: 1, length: 2
2013-11-03 18:44:16,159 [framework.templatetags.table_filters:18] [DEBUG]- current: 1, total: 2
2013-11-03 18:44:16,160 [framework.templatetags.table_filters:21] [DEBUG]- offset: 1, length: 2
2013-11-03 18:44:16,774 [framework.templatetags.table_filters:18] [DEBUG]- current: 1, total: 2
2013-11-03 18:44:16,774 [framework.templatetags.table_filters:21] [DEBUG]- offset: 1, length: 2
2013-11-03 18:44:16,798 [framework.templatetags.table_filters:18] [DEBUG]- current: 1, total: 2
2013-11-03 18:44:16,798 [framework.templatetags.table_filters:21] [DEBUG]- offset: 1, length: 2
2013-11-03 18:44:17,399 [framework.views:22] [DEBUG]- dashboard
2013-11-03 19:02:03,469 [framework.views:22] [DEBUG]- dashboard
2013-11-03 19:02:16,225 [framework.views:22] [DEBUG]- dashboard
2013-11-03 19:02:16,974 [framework.views:22] [DEBUG]- dashboard
2013-11-03 19:02:17,453 [framework.views:22] [DEBUG]- dashboard
2013-11-03 19:09:53,541 [framework.templatetags.table_filters:18] [DEBUG]- current: 1, total: 2
2013-11-03 19:09:53,541 [framework.templatetags.table_filters:21] [DEBUG]- offset: 1, length: 2
2013-11-03 19:09:53,566 [framework.templatetags.table_filters:18] [DEBUG]- current: 1, total: 2
2013-11-03 19:09:53,566 [framework.templatetags.table_filters:21] [DEBUG]- offset: 1, length: 2
2013-11-03 19:10:16,728 [framework.templatetags.table_filters:18] [DEBUG]- current: 1, total: 1
2013-11-03 19:10:16,728 [framework.templatetags.table_filters:21] [DEBUG]- offset: 1, length: 1
2013-11-03 19:11:40,833 [framework.views:22] [DEBUG]- dashboard
2013-11-04 13:46:47,567 [framework.views:22] [DEBUG]- dashboard
2013-11-04 13:46:49,090 [framework.templatetags.table_filters:18] [DEBUG]- current: 1, total: 2
2013-11-04 13:46:49,090 [framework.templatetags.table_filters:21] [DEBUG]- offset: 1, length: 2
2013-11-04 13:46:49,115 [framework.templatetags.table_filters:18] [DEBUG]- current: 1, total: 2
2013-11-04 13:46:49,115 [framework.templatetags.table_filters:21] [DEBUG]- offset: 1, length: 2
2013-11-04 13:46:50,317 [framework.templatetags.table_filters:18] [DEBUG]- current: 1, total: 2
2013-11-04 13:46:50,318 [framework.templatetags.table_filters:21] [DEBUG]- offset: 1, length: 2
2013-11-04 13:46:50,342 [framework.templatetags.table_filters:18] [DEBUG]- current: 1, total: 2
2013-11-04 13:46:50,342 [framework.templatetags.table_filters:21] [DEBUG]- offset: 1, length: 2
2013-11-04 13:46:51,188 [framework.templatetags.table_filters:18] [DEBUG]- current: 1, total: 1
2013-11-04 13:46:51,188 [framework.templatetags.table_filters:21] [DEBUG]- offset: 1, length: 1
2013-11-04 13:46:53,187 [framework.templatetags.table_filters:18] [DEBUG]- current: 1, total: 2
2013-11-04 13:46:53,187 [framework.templatetags.table_filters:21] [DEBUG]- offset: 1, length: 2
2013-11-04 13:46:53,214 [framework.templatetags.table_filters:18] [DEBUG]- current: 1, total: 2
2013-11-04 13:46:53,214 [framework.templatetags.table_filters:21] [DEBUG]- offset: 1, length: 2
2013-11-04 20:20:02,297 [framework.views:22] [DEBUG]- dashboard
2013-11-04 20:20:47,332 [framework.templatetags.table_filters:18] [DEBUG]- current: 1, total: 2
2013-11-04 20:20:47,332 [framework.templatetags.table_filters:21] [DEBUG]- offset: 1, length: 2
2013-11-04 20:20:47,357 [framework.templatetags.table_filters:18] [DEBUG]- current: 1, total: 2
2013-11-04 20:20:47,357 [framework.templatetags.table_filters:21] [DEBUG]- offset: 1, length: 2
2013-11-04 20:20:48,474 [framework.templatetags.table_filters:18] [DEBUG]- current: 1, total: 2
2013-11-04 20:20:48,474 [framework.templatetags.table_filters:21] [DEBUG]- offset: 1, length: 2
2013-11-04 20:20:48,500 [framework.templatetags.table_filters:18] [DEBUG]- current: 1, total: 2
2013-11-04 20:20:48,500 [framework.templatetags.table_filters:21] [DEBUG]- offset: 1, length: 2
2013-11-04 20:20:49,814 [framework.templatetags.table_filters:18] [DEBUG]- current: 1, total: 2
2013-11-04 20:20:49,814 [framework.templatetags.table_filters:21] [DEBUG]- offset: 1, length: 2
2013-11-04 20:20:49,839 [framework.templatetags.table_filters:18] [DEBUG]- current: 1, total: 2
2013-11-04 20:20:49,839 [framework.templatetags.table_filters:21] [DEBUG]- offset: 1, length: 2
2013-11-04 20:20:50,764 [framework.templatetags.table_filters:18] [DEBUG]- current: 1, total: 2
2013-11-04 20:20:50,764 [framework.templatetags.table_filters:21] [DEBUG]- offset: 1, length: 2
2013-11-04 20:20:50,788 [framework.templatetags.table_filters:18] [DEBUG]- current: 1, total: 2
2013-11-04 20:20:50,788 [framework.templatetags.table_filters:21] [DEBUG]- offset: 1, length: 2
2013-11-04 20:20:51,092 [framework.templatetags.table_filters:18] [DEBUG]- current: 1, total: 2
2013-11-04 20:20:51,092 [framework.templatetags.table_filters:21] [DEBUG]- offset: 1, length: 2
2013-11-04 20:20:51,117 [framework.templatetags.table_filters:18] [DEBUG]- current: 1, total: 2
2013-11-04 20:20:51,117 [framework.templatetags.table_filters:21] [DEBUG]- offset: 1, length: 2
2013-11-04 20:20:51,599 [framework.views:22] [DEBUG]- dashboard
2013-11-05 17:39:53,300 [py.warnings:3] [WARNING]- /usr/local/lib/python2.7/site-packages/django/conf/urls/defaults.py:3: DeprecationWarning: django.conf.urls.defaults is deprecated; use django.conf.urls instead
  DeprecationWarning)

2013-11-05 17:39:53,642 [py.warnings:228] [WARNING]- /usr/local/lib/python2.7/site-packages/django_tables2/tables.py:228: DeprecationWarning: `Table.Meta.sortable` is deprecated, use `orderable` instead
  DeprecationWarning)

2013-11-05 17:39:56,478 [framework.ajax:14] [DEBUG]- login: username: root;password: 
2013-11-05 17:39:56,478 [framework.ajax:17] [DEBUG]- form is invalid
2013-11-05 17:39:59,042 [framework.ajax:14] [DEBUG]- login: username: root;password: root
2013-11-05 17:39:59,043 [framework.ajax:21] [DEBUG]- username: root; password: root
2013-11-05 17:39:59,191 [framework.ajax:24] [DEBUG]- user is not authenticated
2013-11-05 17:40:01,663 [framework.ajax:14] [DEBUG]- login: username: root;password: suning
2013-11-05 17:40:01,663 [framework.ajax:21] [DEBUG]- username: root; password: suning
2013-11-05 17:40:01,984 [framework.ajax:31] [DEBUG]- user is authenticated
2013-11-05 17:40:02,131 [framework.views:22] [DEBUG]- dashboard
2013-11-05 17:40:12,946 [framework.views:22] [DEBUG]- dashboard
2013-11-05 17:40:30,675 [framework.views:22] [DEBUG]- dashboard
2013-11-05 17:40:31,849 [mgr.views:154] [DEBUG]- [<Organization: 北京分公司>, <Organization: 回龙观店>, <Organization: 天津分公司>, <Organization: 三里屯分店>]
2013-11-05 17:40:32,028 [framework.templatetags.pagination_filters:18] [DEBUG]- current: 1, total: 2
2013-11-05 17:40:32,029 [framework.templatetags.pagination_filters:21] [DEBUG]- offset: 1, length: 2
2013-11-05 17:40:32,659 [framework.templatetags.pagination_filters:18] [DEBUG]- current: 1, total: 1
2013-11-05 17:40:32,659 [framework.templatetags.pagination_filters:21] [DEBUG]- offset: 1, length: 1
2013-11-05 17:40:33,634 [mgr.views:154] [DEBUG]- [<Organization: 北京分公司>, <Organization: 回龙观店>, <Organization: 天津分公司>, <Organization: 三里屯分店>]
2013-11-05 17:40:33,795 [framework.templatetags.pagination_filters:18] [DEBUG]- current: 1, total: 2
2013-11-05 17:40:33,795 [framework.templatetags.pagination_filters:21] [DEBUG]- offset: 1, length: 2
2013-11-05 22:19:07,060 [framework.views:22] [DEBUG]- dashboard
2013-11-05 22:19:08,981 [framework.templatetags.pagination_filters:18] [DEBUG]- current: 1, total: 1
2013-11-05 22:19:08,981 [framework.templatetags.pagination_filters:21] [DEBUG]- offset: 1, length: 1
2013-11-05 22:19:08,997 [framework.templatetags.pagination_filters:18] [DEBUG]- current: 1, total: 1
2013-11-05 22:19:08,997 [framework.templatetags.pagination_filters:21] [DEBUG]- offset: 1, length: 1
2013-11-05 22:19:09,961 [framework.templatetags.pagination_filters:18] [DEBUG]- current: 1, total: 1
2013-11-05 22:19:09,961 [framework.templatetags.pagination_filters:21] [DEBUG]- offset: 1, length: 1
2013-11-05 22:19:10,813 [mgr.views:154] [DEBUG]- [<Organization: 北京分公司>, <Organization: 回龙观店>, <Organization: 天津分公司>, <Organization: 三里屯分店>]
2013-11-05 22:19:10,962 [framework.templatetags.pagination_filters:18] [DEBUG]- current: 1, total: 2
2013-11-05 22:19:10,962 [framework.templatetags.pagination_filters:21] [DEBUG]- offset: 1, length: 2
2013-11-05 22:19:11,596 [mgr.views:154] [DEBUG]- [<Organization: 北京分公司>, <Organization: 回龙观店>, <Organization: 天津分公司>, <Organization: 三里屯分店>]
2013-11-05 22:19:11,746 [framework.templatetags.pagination_filters:18] [DEBUG]- current: 1, total: 2
2013-11-05 22:19:11,746 [framework.templatetags.pagination_filters:21] [DEBUG]- offset: 1, length: 2
2013-11-05 22:19:12,931 [mgr.views:154] [DEBUG]- [<Organization: 北京分公司>, <Organization: 回龙观店>, <Organization: 天津分公司>, <Organization: 三里屯分店>]
2013-11-05 22:19:13,087 [framework.templatetags.pagination_filters:18] [DEBUG]- current: 1, total: 2
2013-11-05 22:19:13,087 [framework.templatetags.pagination_filters:21] [DEBUG]- offset: 1, length: 2
2013-11-05 22:19:14,250 [framework.templatetags.pagination_filters:18] [DEBUG]- current: 1, total: 1
2013-11-05 22:19:14,250 [framework.templatetags.pagination_filters:21] [DEBUG]- offset: 1, length: 1
2013-11-05 22:19:14,738 [framework.templatetags.pagination_filters:18] [DEBUG]- current: 1, total: 1
2013-11-05 22:19:14,738 [framework.templatetags.pagination_filters:21] [DEBUG]- offset: 1, length: 1
2013-11-05 22:19:14,754 [framework.templatetags.pagination_filters:18] [DEBUG]- current: 1, total: 1
2013-11-05 22:19:14,754 [framework.templatetags.pagination_filters:21] [DEBUG]- offset: 1, length: 1
2013-11-05 22:19:17,199 [framework.templatetags.pagination_filters:18] [DEBUG]- current: 1, total: 1
2013-11-05 22:19:17,199 [framework.templatetags.pagination_filters:21] [DEBUG]- offset: 1, length: 1
2013-11-05 22:19:17,215 [framework.templatetags.pagination_filters:18] [DEBUG]- current: 1, total: 1
2013-11-05 22:19:17,215 [framework.templatetags.pagination_filters:21] [DEBUG]- offset: 1, length: 1
2013-11-05 22:19:17,522 [framework.templatetags.pagination_filters:18] [DEBUG]- current: 1, total: 1
2013-11-05 22:19:17,522 [framework.templatetags.pagination_filters:21] [DEBUG]- offset: 1, length: 1
2013-11-05 22:19:17,874 [mgr.views:154] [DEBUG]- [<Organization: 北京分公司>, <Organization: 回龙观店>, <Organization: 天津分公司>, <Organization: 三里屯分店>]
2013-11-05 22:19:18,024 [framework.templatetags.pagination_filters:18] [DEBUG]- current: 1, total: 2
2013-11-05 22:19:18,024 [framework.templatetags.pagination_filters:21] [DEBUG]- offset: 1, length: 2
2013-11-05 22:19:18,527 [mgr.views:154] [DEBUG]- [<Organization: 北京分公司>, <Organization: 回龙观店>, <Organization: 天津分公司>, <Organization: 三里屯分店>]
2013-11-05 22:19:18,683 [framework.templatetags.pagination_filters:18] [DEBUG]- current: 1, total: 2
2013-11-05 22:19:18,683 [framework.templatetags.pagination_filters:21] [DEBUG]- offset: 1, length: 2
2013-11-05 22:19:19,084 [framework.templatetags.pagination_filters:18] [DEBUG]- current: 1, total: 1
2013-11-05 22:19:19,084 [framework.templatetags.pagination_filters:21] [DEBUG]- offset: 1, length: 1
2013-11-05 22:19:19,496 [framework.templatetags.pagination_filters:18] [DEBUG]- current: 1, total: 1
2013-11-05 22:19:19,496 [framework.templatetags.pagination_filters:21] [DEBUG]- offset: 1, length: 1
2013-11-05 22:19:19,512 [framework.templatetags.pagination_filters:18] [DEBUG]- current: 1, total: 1
2013-11-05 22:19:19,512 [framework.templatetags.pagination_filters:21] [DEBUG]- offset: 1, length: 1
2013-11-05 22:19:20,365 [framework.templatetags.pagination_filters:18] [DEBUG]- current: 1, total: 1
2013-11-05 22:19:20,365 [framework.templatetags.pagination_filters:21] [DEBUG]- offset: 1, length: 1
2013-11-05 22:19:21,025 [mgr.views:154] [DEBUG]- [<Organization: 北京分公司>, <Organization: 回龙观店>, <Organization: 天津分公司>, <Organization: 三里屯分店>]
2013-11-05 22:19:21,181 [framework.templatetags.pagination_filters:18] [DEBUG]- current: 1, total: 2
2013-11-05 22:19:21,181 [framework.templatetags.pagination_filters:21] [DEBUG]- offset: 1, length: 2
2013-11-05 22:19:21,700 [mgr.views:154] [DEBUG]- [<Organization: 北京分公司>, <Organization: 回龙观店>, <Organization: 天津分公司>, <Organization: 三里屯分店>]
2013-11-05 22:19:21,849 [framework.templatetags.pagination_filters:18] [DEBUG]- current: 1, total: 2
2013-11-05 22:19:21,849 [framework.templatetags.pagination_filters:21] [DEBUG]- offset: 1, length: 2
2013-11-05 22:19:22,297 [mgr.views:154] [DEBUG]- [<Organization: 北京分公司>, <Organization: 回龙观店>, <Organization: 天津分公司>, <Organization: 三里屯分店>]
2013-11-05 22:19:22,465 [framework.templatetags.pagination_filters:18] [DEBUG]- current: 1, total: 2
2013-11-05 22:19:22,465 [framework.templatetags.pagination_filters:21] [DEBUG]- offset: 1, length: 2
2013-11-05 22:19:22,727 [framework.templatetags.pagination_filters:18] [DEBUG]- current: 1, total: 1
2013-11-05 22:19:22,727 [framework.templatetags.pagination_filters:21] [DEBUG]- offset: 1, length: 1
2013-11-05 22:19:23,050 [framework.templatetags.pagination_filters:18] [DEBUG]- current: 1, total: 1
2013-11-05 22:19:23,050 [framework.templatetags.pagination_filters:21] [DEBUG]- offset: 1, length: 1
2013-11-05 22:19:23,065 [framework.templatetags.pagination_filters:18] [DEBUG]- current: 1, total: 1
2013-11-05 22:19:23,065 [framework.templatetags.pagination_filters:21] [DEBUG]- offset: 1, length: 1
2013-11-05 22:19:23,473 [framework.templatetags.pagination_filters:18] [DEBUG]- current: 1, total: 1
2013-11-05 22:19:23,473 [framework.templatetags.pagination_filters:21] [DEBUG]- offset: 1, length: 1
2013-11-05 22:19:24,193 [mgr.views:154] [DEBUG]- [<Organization: 北京分公司>, <Organization: 回龙观店>, <Organization: 天津分公司>, <Organization: 三里屯分店>]
2013-11-05 22:19:24,344 [framework.templatetags.pagination_filters:18] [DEBUG]- current: 1, total: 2
2013-11-05 22:19:24,344 [framework.templatetags.pagination_filters:21] [DEBUG]- offset: 1, length: 2
2013-11-05 22:19:24,596 [mgr.views:154] [DEBUG]- [<Organization: 北京分公司>, <Organization: 回龙观店>, <Organization: 天津分公司>, <Organization: 三里屯分店>]
2013-11-05 22:19:24,752 [framework.templatetags.pagination_filters:18] [DEBUG]- current: 1, total: 2
2013-11-05 22:19:24,752 [framework.templatetags.pagination_filters:21] [DEBUG]- offset: 1, length: 2
2013-11-05 22:19:25,520 [framework.templatetags.pagination_filters:18] [DEBUG]- current: 1, total: 1
2013-11-05 22:19:25,520 [framework.templatetags.pagination_filters:21] [DEBUG]- offset: 1, length: 1
2013-11-05 22:19:25,808 [framework.templatetags.pagination_filters:18] [DEBUG]- current: 1, total: 1
2013-11-05 22:19:25,808 [framework.templatetags.pagination_filters:21] [DEBUG]- offset: 1, length: 1
2013-11-05 22:19:25,824 [framework.templatetags.pagination_filters:18] [DEBUG]- current: 1, total: 1
2013-11-05 22:19:25,824 [framework.templatetags.pagination_filters:21] [DEBUG]- offset: 1, length: 1
2013-11-05 22:19:26,679 [framework.templatetags.pagination_filters:18] [DEBUG]- current: 1, total: 1
2013-11-05 22:19:26,679 [framework.templatetags.pagination_filters:21] [DEBUG]- offset: 1, length: 1
2013-11-05 22:19:27,124 [mgr.views:154] [DEBUG]- [<Organization: 北京分公司>, <Organization: 回龙观店>, <Organization: 天津分公司>, <Organization: 三里屯分店>]
2013-11-05 22:19:27,282 [framework.templatetags.pagination_filters:18] [DEBUG]- current: 1, total: 2
2013-11-05 22:19:27,282 [framework.templatetags.pagination_filters:21] [DEBUG]- offset: 1, length: 2
2013-11-05 22:19:28,521 [framework.templatetags.pagination_filters:18] [DEBUG]- current: 1, total: 1
2013-11-05 22:19:28,521 [framework.templatetags.pagination_filters:21] [DEBUG]- offset: 1, length: 1
2013-11-05 22:19:28,875 [framework.templatetags.pagination_filters:18] [DEBUG]- current: 1, total: 1
2013-11-05 22:19:28,875 [framework.templatetags.pagination_filters:21] [DEBUG]- offset: 1, length: 1
2013-11-05 22:19:28,890 [framework.templatetags.pagination_filters:18] [DEBUG]- current: 1, total: 1
2013-11-05 22:19:28,891 [framework.templatetags.pagination_filters:21] [DEBUG]- offset: 1, length: 1
2013-11-05 22:19:29,593 [framework.templatetags.pagination_filters:18] [DEBUG]- current: 1, total: 1
2013-11-05 22:19:29,593 [framework.templatetags.pagination_filters:21] [DEBUG]- offset: 1, length: 1
2013-11-05 22:19:29,917 [mgr.views:154] [DEBUG]- [<Organization: 北京分公司>, <Organization: 回龙观店>, <Organization: 天津分公司>, <Organization: 三里屯分店>]
2013-11-05 22:19:30,073 [framework.templatetags.pagination_filters:18] [DEBUG]- current: 1, total: 2
2013-11-05 22:19:30,074 [framework.templatetags.pagination_filters:21] [DEBUG]- offset: 1, length: 2
2013-11-05 22:19:31,110 [framework.templatetags.pagination_filters:18] [DEBUG]- current: 1, total: 1
2013-11-05 22:19:31,110 [framework.templatetags.pagination_filters:21] [DEBUG]- offset: 1, length: 1
2013-11-05 22:19:31,451 [framework.templatetags.pagination_filters:18] [DEBUG]- current: 1, total: 1
2013-11-05 22:19:31,451 [framework.templatetags.pagination_filters:21] [DEBUG]- offset: 1, length: 1
2013-11-05 22:19:31,467 [framework.templatetags.pagination_filters:18] [DEBUG]- current: 1, total: 1
2013-11-05 22:19:31,467 [framework.templatetags.pagination_filters:21] [DEBUG]- offset: 1, length: 1
2013-11-05 22:19:31,827 [framework.templatetags.pagination_filters:18] [DEBUG]- current: 1, total: 1
2013-11-05 22:19:31,827 [framework.templatetags.pagination_filters:21] [DEBUG]- offset: 1, length: 1
2013-11-05 22:19:32,954 [mgr.views:154] [DEBUG]- [<Organization: 北京分公司>, <Organization: 回龙观店>, <Organization: 天津分公司>, <Organization: 三里屯分店>]
2013-11-05 22:19:33,104 [framework.templatetags.pagination_filters:18] [DEBUG]- current: 1, total: 2
2013-11-05 22:19:33,105 [framework.templatetags.pagination_filters:21] [DEBUG]- offset: 1, length: 2
2013-11-05 22:19:34,346 [framework.templatetags.pagination_filters:18] [DEBUG]- current: 1, total: 1
2013-11-05 22:19:34,346 [framework.templatetags.pagination_filters:21] [DEBUG]- offset: 1, length: 1
2013-11-05 22:19:34,698 [framework.templatetags.pagination_filters:18] [DEBUG]- current: 1, total: 1
2013-11-05 22:19:34,698 [framework.templatetags.pagination_filters:21] [DEBUG]- offset: 1, length: 1
2013-11-05 22:19:34,733 [framework.templatetags.pagination_filters:18] [DEBUG]- current: 1, total: 1
2013-11-05 22:19:34,733 [framework.templatetags.pagination_filters:21] [DEBUG]- offset: 1, length: 1
2013-11-05 22:32:34,656 [framework.views:22] [DEBUG]- dashboard
2013-11-05 22:32:39,645 [framework.templatetags.pagination_filters:18] [DEBUG]- current: 1, total: 1
2013-11-05 22:32:39,645 [framework.templatetags.pagination_filters:21] [DEBUG]- offset: 1, length: 1
2013-11-05 22:32:39,668 [framework.templatetags.pagination_filters:18] [DEBUG]- current: 1, total: 1
2013-11-05 22:32:39,668 [framework.templatetags.pagination_filters:21] [DEBUG]- offset: 1, length: 1
2013-11-05 22:33:08,250 [framework.templatetags.pagination_filters:18] [DEBUG]- current: 1, total: 1
2013-11-05 22:33:08,250 [framework.templatetags.pagination_filters:21] [DEBUG]- offset: 1, length: 1
2013-11-05 22:33:09,350 [mgr.views:154] [DEBUG]- [<Organization: 北京分公司>, <Organization: 回龙观店>, <Organization: 天津分公司>, <Organization: 三里屯分店>]
2013-11-05 22:33:09,499 [framework.templatetags.pagination_filters:18] [DEBUG]- current: 1, total: 2
2013-11-05 22:33:09,499 [framework.templatetags.pagination_filters:21] [DEBUG]- offset: 1, length: 2
2013-11-05 22:33:10,473 [mgr.views:154] [DEBUG]- [<Organization: 北京分公司>, <Organization: 回龙观店>, <Organization: 天津分公司>, <Organization: 三里屯分店>]
2013-11-05 22:33:10,637 [framework.templatetags.pagination_filters:18] [DEBUG]- current: 1, total: 2
2013-11-05 22:33:10,637 [framework.templatetags.pagination_filters:21] [DEBUG]- offset: 1, length: 2
2013-11-05 22:33:12,635 [mgr.views:154] [DEBUG]- [<Organization: 北京分公司>, <Organization: 回龙观店>, <Organization: 天津分公司>, <Organization: 三里屯分店>]
2013-11-05 22:33:12,790 [framework.templatetags.pagination_filters:18] [DEBUG]- current: 1, total: 2
2013-11-05 22:33:12,790 [framework.templatetags.pagination_filters:21] [DEBUG]- offset: 1, length: 2
2013-11-05 22:33:14,160 [mgr.views:154] [DEBUG]- [<Organization: 北京分公司>, <Organization: 回龙观店>, <Organization: 天津分公司>, <Organization: 三里屯分店>]
2013-11-05 22:33:14,316 [framework.templatetags.pagination_filters:18] [DEBUG]- current: 1, total: 2
2013-11-05 22:33:14,316 [framework.templatetags.pagination_filters:21] [DEBUG]- offset: 1, length: 2
2013-11-05 22:33:15,570 [mgr.views:154] [DEBUG]- [<Organization: 北京分公司>, <Organization: 回龙观店>, <Organization: 天津分公司>, <Organization: 三里屯分店>]
2013-11-05 22:33:15,733 [framework.templatetags.pagination_filters:18] [DEBUG]- current: 1, total: 2
2013-11-05 22:33:15,733 [framework.templatetags.pagination_filters:21] [DEBUG]- offset: 1, length: 2
2013-11-05 22:33:17,157 [mgr.views:154] [DEBUG]- [<Organization: 北京分公司>, <Organization: 回龙观店>, <Organization: 天津分公司>, <Organization: 三里屯分店>]
2013-11-05 22:33:17,313 [framework.templatetags.pagination_filters:18] [DEBUG]- current: 1, total: 2
2013-11-05 22:33:17,313 [framework.templatetags.pagination_filters:21] [DEBUG]- offset: 1, length: 2
2013-11-05 22:33:18,284 [mgr.views:154] [DEBUG]- [<Organization: 北京分公司>, <Organization: 回龙观店>, <Organization: 天津分公司>, <Organization: 三里屯分店>]
2013-11-05 22:33:18,433 [framework.templatetags.pagination_filters:18] [DEBUG]- current: 1, total: 2
2013-11-05 22:33:18,433 [framework.templatetags.pagination_filters:21] [DEBUG]- offset: 1, length: 2
2013-11-05 22:33:20,480 [mgr.views:154] [DEBUG]- [<Organization: 北京分公司>, <Organization: 回龙观店>, <Organization: 天津分公司>, <Organization: 三里屯分店>]
2013-11-05 22:33:20,631 [framework.templatetags.pagination_filters:18] [DEBUG]- current: 1, total: 2
2013-11-05 22:33:20,631 [framework.templatetags.pagination_filters:21] [DEBUG]- offset: 1, length: 2
2013-11-05 22:34:25,149 [framework.views:22] [DEBUG]- dashboard
2013-11-05 22:34:26,415 [framework.views:22] [DEBUG]- dashboard
2013-11-05 22:34:27,372 [framework.views:22] [DEBUG]- dashboard
2013-11-05 22:34:30,480 [framework.templatetags.pagination_filters:18] [DEBUG]- current: 1, total: 1
2013-11-05 22:34:30,480 [framework.templatetags.pagination_filters:21] [DEBUG]- offset: 1, length: 1
2013-11-05 22:34:31,670 [framework.templatetags.pagination_filters:18] [DEBUG]- current: 1, total: 1
2013-11-05 22:34:31,670 [framework.templatetags.pagination_filters:21] [DEBUG]- offset: 1, length: 1
2013-11-05 22:34:31,698 [framework.templatetags.pagination_filters:18] [DEBUG]- current: 1, total: 1
2013-11-05 22:34:31,698 [framework.templatetags.pagination_filters:21] [DEBUG]- offset: 1, length: 1
2013-11-05 22:34:31,702 [framework.templatetags.pagination_filters:18] [DEBUG]- current: 1, total: 1
2013-11-05 22:34:31,703 [framework.templatetags.pagination_filters:21] [DEBUG]- offset: 1, length: 1
2013-11-05 22:34:31,726 [framework.templatetags.pagination_filters:18] [DEBUG]- current: 1, total: 1
2013-11-05 22:34:31,726 [framework.templatetags.pagination_filters:21] [DEBUG]- offset: 1, length: 1
2013-11-05 22:34:32,724 [framework.templatetags.pagination_filters:18] [DEBUG]- current: 1, total: 1
2013-11-05 22:34:32,724 [framework.templatetags.pagination_filters:21] [DEBUG]- offset: 1, length: 1
2013-11-05 22:34:32,759 [framework.templatetags.pagination_filters:18] [DEBUG]- current: 1, total: 1
2013-11-05 22:34:32,759 [framework.templatetags.pagination_filters:21] [DEBUG]- offset: 1, length: 1
2013-11-05 22:34:32,764 [framework.templatetags.pagination_filters:18] [DEBUG]- current: 1, total: 1
2013-11-05 22:34:32,764 [framework.templatetags.pagination_filters:21] [DEBUG]- offset: 1, length: 1
2013-11-05 22:34:32,790 [framework.templatetags.pagination_filters:18] [DEBUG]- current: 1, total: 1
2013-11-05 22:34:32,790 [framework.templatetags.pagination_filters:21] [DEBUG]- offset: 1, length: 1
2013-11-05 22:34:42,310 [framework.templatetags.pagination_filters:18] [DEBUG]- current: 1, total: 1
2013-11-05 22:34:42,310 [framework.templatetags.pagination_filters:21] [DEBUG]- offset: 1, length: 1
2013-11-05 22:34:43,703 [framework.templatetags.pagination_filters:18] [DEBUG]- current: 1, total: 1
2013-11-05 22:34:43,703 [framework.templatetags.pagination_filters:21] [DEBUG]- offset: 1, length: 1
2013-11-05 22:34:45,026 [framework.templatetags.pagination_filters:18] [DEBUG]- current: 1, total: 1
2013-11-05 22:34:45,026 [framework.templatetags.pagination_filters:21] [DEBUG]- offset: 1, length: 1
2013-11-05 22:34:45,702 [mgr.views:154] [DEBUG]- [<Organization: 北京分公司>, <Organization: 回龙观店>, <Organization: 天津分公司>, <Organization: 三里屯分店>]
2013-11-05 22:34:45,878 [framework.templatetags.pagination_filters:18] [DEBUG]- current: 1, total: 2
2013-11-05 22:34:45,878 [framework.templatetags.pagination_filters:21] [DEBUG]- offset: 1, length: 2
2013-11-05 22:34:46,511 [framework.templatetags.pagination_filters:18] [DEBUG]- current: 1, total: 1
2013-11-05 22:34:46,511 [framework.templatetags.pagination_filters:21] [DEBUG]- offset: 1, length: 1
2013-11-05 22:34:46,526 [framework.templatetags.pagination_filters:18] [DEBUG]- current: 1, total: 1
2013-11-05 22:34:46,526 [framework.templatetags.pagination_filters:21] [DEBUG]- offset: 1, length: 1
2013-11-05 22:34:48,332 [framework.templatetags.pagination_filters:18] [DEBUG]- current: 1, total: 1
2013-11-05 22:34:48,333 [framework.templatetags.pagination_filters:21] [DEBUG]- offset: 1, length: 1
2013-11-05 22:34:49,050 [mgr.views:154] [DEBUG]- [<Organization: 北京分公司>, <Organization: 回龙观店>, <Organization: 天津分公司>, <Organization: 三里屯分店>]
2013-11-05 22:34:49,201 [framework.templatetags.pagination_filters:18] [DEBUG]- current: 1, total: 2
2013-11-05 22:34:49,202 [framework.templatetags.pagination_filters:21] [DEBUG]- offset: 1, length: 2
2013-11-05 22:41:51,630 [framework.views:22] [DEBUG]- dashboard
2013-11-05 22:55:34,501 [framework.views:22] [DEBUG]- dashboard
2013-11-06 09:30:05,177 [framework.views:22] [DEBUG]- dashboard
2013-11-06 09:30:06,678 [framework.templatetags.pagination_filters:18] [DEBUG]- current: 1, total: 1
2013-11-06 09:30:06,679 [framework.templatetags.pagination_filters:21] [DEBUG]- offset: 1, length: 1
2013-11-06 09:30:06,694 [framework.templatetags.pagination_filters:18] [DEBUG]- current: 1, total: 1
2013-11-06 09:30:06,694 [framework.templatetags.pagination_filters:21] [DEBUG]- offset: 1, length: 1
2013-11-16 10:38:03,926 [py.warnings:3] [WARNING]- /usr/local/lib/python2.7/site-packages/django/conf/urls/defaults.py:3: DeprecationWarning: django.conf.urls.defaults is deprecated; use django.conf.urls instead
  DeprecationWarning)

2013-11-16 10:53:06,038 [py.warnings:3] [WARNING]- /usr/local/lib/python2.7/site-packages/django/conf/urls/defaults.py:3: DeprecationWarning: django.conf.urls.defaults is deprecated; use django.conf.urls instead
  DeprecationWarning)

2013-11-16 11:59:33,331 [py.warnings:3] [WARNING]- /usr/local/lib/python2.7/site-packages/django/conf/urls/defaults.py:3: DeprecationWarning: django.conf.urls.defaults is deprecated; use django.conf.urls instead
  DeprecationWarning)

2013-11-16 11:59:39,552 [framework.ajax:14] [DEBUG]- login: username: root;password: suning
2013-11-16 11:59:39,552 [framework.ajax:21] [DEBUG]- username: root; password: suning
2013-11-16 11:59:39,660 [framework.ajax:31] [DEBUG]- user is authenticated
2013-11-16 11:59:40,088 [framework.views:26] [DEBUG]- dashboard
2013-11-16 11:59:46,694 [framework.templatetags.pagination_filters:18] [DEBUG]- current: 1, total: 1
2013-11-16 11:59:46,694 [framework.templatetags.pagination_filters:21] [DEBUG]- offset: 1, length: 1
2013-11-16 12:00:37,321 [framework.templatetags.pagination_filters:18] [DEBUG]- current: 1, total: 1
2013-11-16 12:00:37,321 [framework.templatetags.pagination_filters:21] [DEBUG]- offset: 1, length: 1
2013-11-16 12:00:39,920 [mgr.views:179] [DEBUG]- []
2013-11-16 12:00:41,029 [mgr.views:179] [DEBUG]- []
2013-11-16 12:04:38,258 [framework.views:26] [DEBUG]- dashboard
2013-11-16 12:04:51,736 [framework.templatetags.pagination_filters:18] [DEBUG]- current: 1, total: 1
2013-11-16 12:04:51,736 [framework.templatetags.pagination_filters:21] [DEBUG]- offset: 1, length: 1
2013-11-16 12:04:53,999 [mgr.views:179] [DEBUG]- []
2013-11-16 12:04:55,280 [mgr.views:179] [DEBUG]- []
2013-11-16 12:04:56,829 [mgr.views:179] [DEBUG]- []
